<?xml version="1.0" encoding="UTF-8"?>
<testsuite name="org.example.startapi.UserServiceTest" tests="1" skipped="0" failures="0" errors="0" timestamp="2025-07-28T06:02:03" hostname="DLNOT001-231018" time="0.017">
  <properties/>
  <testcase name="login_정상작동()" classname="org.example.startapi.UserServiceTest" time="0.017"/>
  <system-out><![CDATA[]]></system-out>
  <system-err><![CDATA[]]></system-err>
</testsuite>
